<?xml version="1.0" encoding="UTF-8"?>
<testng-results ignored="0" total="1" passed="1" failed="0" skipped="0">
  <reporter-output>
  </reporter-output>
  <suite started-at="2023-02-15T15:05:11 IST" name="Default suite" finished-at="2023-02-15T15:05:17 IST" duration-ms="6488">
    <groups>
    </groups>
    <test started-at="2023-02-15T15:05:11 IST" name="Default test" finished-at="2023-02-15T15:05:17 IST" duration-ms="6488">
      <class name="com.Test.jbk_login_test">
        <test-method is-config="true" signature="startTest()[pri:0, instance:com.Test.jbk_login_test@6404f418]" started-at="2023-02-15T15:05:11 IST" name="startTest" finished-at="2023-02-15T15:05:16 IST" duration-ms="4724" status="PASS">
          <reporter-output>
          </reporter-output>
        </test-method> <!-- startTest -->
        <test-method signature="jbk_launch()[pri:0, instance:com.Test.jbk_login_test@6404f418]" started-at="2023-02-15T15:05:16 IST" name="jbk_launch" finished-at="2023-02-15T15:05:17 IST" duration-ms="1446" status="PASS">
          <reporter-output>
          </reporter-output>
        </test-method> <!-- jbk_launch -->
        <test-method is-config="true" signature="endTest()[pri:0, instance:com.Test.jbk_login_test@6404f418]" started-at="2023-02-15T15:05:17 IST" name="endTest" finished-at="2023-02-15T15:05:17 IST" duration-ms="271" status="PASS">
          <reporter-output>
          </reporter-output>
        </test-method> <!-- endTest -->
      </class> <!-- com.Test.jbk_login_test -->
    </test> <!-- Default test -->
  </suite> <!-- Default suite -->
</testng-results>
