<?xml version="1.0" encoding="UTF-8"?>
<testng-results ignored="0" total="1" passed="1" failed="0" skipped="0">
  <reporter-output>
  </reporter-output>
  <suite started-at="2023-03-06T15:08:00 IST" name="Default suite" finished-at="2023-03-06T15:08:11 IST" duration-ms="10663">
    <groups>
    </groups>
    <test started-at="2023-03-06T15:08:00 IST" name="Default test" finished-at="2023-03-06T15:08:11 IST" duration-ms="10663">
      <class name="com.Test.jbk_login_test">
        <test-method is-config="true" signature="startTest()[pri:0, instance:com.Test.jbk_login_test@169e6180]" started-at="2023-03-06T15:08:00 IST" name="startTest" finished-at="2023-03-06T15:08:07 IST" duration-ms="6980" status="PASS">
          <reporter-output>
          </reporter-output>
        </test-method> <!-- startTest -->
        <test-method signature="jbk_launch()[pri:0, instance:com.Test.jbk_login_test@169e6180]" started-at="2023-03-06T15:08:07 IST" name="jbk_launch" finished-at="2023-03-06T15:08:10 IST" duration-ms="2873" status="PASS">
          <reporter-output>
          </reporter-output>
        </test-method> <!-- jbk_launch -->
        <test-method is-config="true" signature="endTest()[pri:0, instance:com.Test.jbk_login_test@169e6180]" started-at="2023-03-06T15:08:10 IST" name="endTest" finished-at="2023-03-06T15:08:11 IST" duration-ms="740" status="PASS">
          <reporter-output>
          </reporter-output>
        </test-method> <!-- endTest -->
      </class> <!-- com.Test.jbk_login_test -->
    </test> <!-- Default test -->
  </suite> <!-- Default suite -->
</testng-results>
